Using pre-set license
Built from '2020.3/staging' branch; Version is '2020.3.10f1 (297d780c91bc) revision 2719096'; Using compiler version '192528614'; Build Type 'Release'
OS: 'Windows 10 Pro; OS build 19043.1466; Version 2009; 64bit' Language: 'ko' Physical Memory: 16348 MB
BatchMode: 1, IsHumanControllingUs: 0, StartBugReporterOnCrash: 0, Is64bit: 1, IsPro: 0

 COMMAND LINE ARGUMENTS:
D:\Unity\2020.3.10f1\Editor\Unity.exe
-adb2
-batchMode
-noUpm
-name
AssetImportWorker0
-projectPath
D:/Project/Individual/Unity Project/platform
-logFile
Logs/AssetImportWorker0.log
-srvPort
11507
Successfully changed project path to: D:/Project/Individual/Unity Project/platform
D:/Project/Individual/Unity Project/platform
Using Asset Import Pipeline V2.
Refreshing native plugins compatible for Editor in 47.60 ms, found 3 plugins.
Preloading 0 native plugins for Editor in 0.00 ms.
Initialize engine version: 2020.3.10f1 (297d780c91bc)
[Subsystems] Discovering subsystems at path D:/Unity/2020.3.10f1/Editor/Data/Resources/UnitySubsystems
[Subsystems] Discovering subsystems at path D:/Project/Individual/Unity Project/platform/Assets
GfxDevice: creating device client; threaded=0
Direct3D:
    Version:  Direct3D 11.0 [level 11.1]
    Renderer: NVIDIA GeForce GTX 1060 3GB (ID=0x1c02)
    Vendor:   
    VRAM:     2988 MB
    Driver:   27.21.14.5671
Initialize mono
Mono path[0] = 'D:/Unity/2020.3.10f1/Editor/Data/Managed'
Mono path[1] = 'D:/Unity/2020.3.10f1/Editor/Data/MonoBleedingEdge/lib/mono/unityjit'
Mono config path = 'D:/Unity/2020.3.10f1/Editor/Data/MonoBleedingEdge/etc'
Using monoOptions --debugger-agent=transport=dt_socket,embedding=1,server=y,suspend=n,address=127.0.0.1:56404
Begin MonoManager ReloadAssembly
Registering precompiled unity dll's ...
Register platform support module: D:/Unity/2020.3.10f1/Editor/Data/PlaybackEngines/WindowsStandaloneSupport/UnityEditor.WindowsStandalone.Extensions.dll
Registered in 0.002886 seconds.
Native extension for WindowsStandalone target not found
Refreshing native plugins compatible for Editor in 53.17 ms, found 3 plugins.
Preloading 0 native plugins for Editor in 0.00 ms.
Mono: successfully reloaded assembly
- Completed reload, in  1.059 seconds
Platform modules already initialized, skipping
Registering precompiled user dll's ...
Registered in 0.003264 seconds.
Begin MonoManager ReloadAssembly
Native extension for WindowsStandalone target not found
Refreshing native plugins compatible for Editor in 75.82 ms, found 3 plugins.
Preloading 0 native plugins for Editor in 0.00 ms.
Mono: successfully reloaded assembly
- Completed reload, in  1.287 seconds
Platform modules already initialized, skipping
========================================================================
Worker process is ready to serve import requests
Launched and connected shader compiler UnityShaderCompiler.exe after 0.07 seconds
Refreshing native plugins compatible for Editor in 2.50 ms, found 3 plugins.
Preloading 0 native plugins for Editor in 0.00 ms.
Unloading 2124 Unused Serialized files (Serialized files now loaded: 0)
System memory in use before: 98.7 MB.
System memory in use after: 98.7 MB.

Unloading 32 unused Assets to reduce memory usage. Loaded Objects now: 2560.
Total: 4.211900 ms (FindLiveObjects: 0.228100 ms CreateObjectMapping: 0.110100 ms MarkObjects: 3.578300 ms  DeleteObjects: 0.293600 ms)

========================================================================
Received Import Request.
  path: Assets/Scenes/Stage2.unity
  artifactKey: Guid(8f8e58c75e70b134084fd506a5ea93c6) Importer(815301076,1909f56bfc062723c751e8b465ee728b)
Start importing Assets/Scenes/Stage2.unity using Guid(8f8e58c75e70b134084fd506a5ea93c6) Importer(815301076,1909f56bfc062723c751e8b465ee728b)  -> (artifact id: '91f0b59d709aa6d8f6c81d5caab52ed6') in 0.026004 seconds
  Import took 0.034167 seconds .

========================================================================
Received Import Request.
  Time since last request: 0.000367 seconds.
  path: Assets/Font/superstar_memesbruh03.ttf
  artifactKey: Guid(e1200020b24a694418a1a87bb5c4d459) Importer(815301076,1909f56bfc062723c751e8b465ee728b)
Start importing Assets/Font/superstar_memesbruh03.ttf using Guid(e1200020b24a694418a1a87bb5c4d459) Importer(815301076,1909f56bfc062723c751e8b465ee728b)  -> (artifact id: '21213b6a8260e251ce4ea9225b1c0917') in 0.221252 seconds
  Import took 0.228018 seconds .

========================================================================
Received Import Request.
  Time since last request: 0.000201 seconds.
  path: Assets/Font/superstarorig_memesbruh03.ttf
  artifactKey: Guid(59ab385e38ff8704190068da382bc050) Importer(815301076,1909f56bfc062723c751e8b465ee728b)
Start importing Assets/Font/superstarorig_memesbruh03.ttf using Guid(59ab385e38ff8704190068da382bc050) Importer(815301076,1909f56bfc062723c751e8b465ee728b)  -> (artifact id: 'a4baadd352c3466ab7ada510b503d0b9') in 0.033375 seconds
  Import took 0.042638 seconds .

========================================================================
Received Prepare
Registering precompiled user dll's ...
Registered in 0.003132 seconds.
Begin MonoManager ReloadAssembly
Native extension for WindowsStandalone target not found
Refreshing native plugins compatible for Editor in 0.76 ms, found 3 plugins.
Preloading 0 native plugins for Editor in 0.00 ms.
Mono: successfully reloaded assembly
- Completed reload, in  1.149 seconds
Platform modules already initialized, skipping
Refreshing native plugins compatible for Editor in 0.60 ms, found 3 plugins.
Preloading 0 native plugins for Editor in 0.00 ms.
Unloading 2105 Unused Serialized files (Serialized files now loaded: 0)
System memory in use before: 100.6 MB.
System memory in use after: 100.6 MB.

Unloading 20 unused Assets to reduce memory usage. Loaded Objects now: 2608.
Total: 3.265800 ms (FindLiveObjects: 0.314400 ms CreateObjectMapping: 0.253800 ms MarkObjects: 2.600200 ms  DeleteObjects: 0.095200 ms)

========================================================================
Received Prepare
Registering precompiled user dll's ...
Registered in 0.003093 seconds.
Begin MonoManager ReloadAssembly
Native extension for WindowsStandalone target not found
Refreshing native plugins compatible for Editor in 0.57 ms, found 3 plugins.
Preloading 0 native plugins for Editor in 0.00 ms.
Mono: successfully reloaded assembly
- Completed reload, in  1.131 seconds
Platform modules already initialized, skipping
Refreshing native plugins compatible for Editor in 0.51 ms, found 3 plugins.
Preloading 0 native plugins for Editor in 0.00 ms.
Unloading 2105 Unused Serialized files (Serialized files now loaded: 0)
System memory in use before: 100.6 MB.
System memory in use after: 100.7 MB.

Unloading 20 unused Assets to reduce memory usage. Loaded Objects now: 2612.
Total: 2.445600 ms (FindLiveObjects: 0.208300 ms CreateObjectMapping: 0.083300 ms MarkObjects: 2.029500 ms  DeleteObjects: 0.123100 ms)

========================================================================
Received Prepare
Registering precompiled user dll's ...
Registered in 0.004289 seconds.
Begin MonoManager ReloadAssembly
Native extension for WindowsStandalone target not found
Refreshing native plugins compatible for Editor in 0.50 ms, found 3 plugins.
Preloading 0 native plugins for Editor in 0.00 ms.
Mono: successfully reloaded assembly
- Completed reload, in  1.157 seconds
Platform modules already initialized, skipping
Refreshing native plugins compatible for Editor in 5.46 ms, found 3 plugins.
Preloading 0 native plugins for Editor in 0.00 ms.
Unloading 2105 Unused Serialized files (Serialized files now loaded: 0)
System memory in use before: 100.7 MB.
System memory in use after: 100.7 MB.

Unloading 20 unused Assets to reduce memory usage. Loaded Objects now: 2616.
Total: 2.702400 ms (FindLiveObjects: 0.201600 ms CreateObjectMapping: 0.081400 ms MarkObjects: 2.293000 ms  DeleteObjects: 0.124300 ms)

========================================================================
Received Import Request.
  Time since last request: 236.249225 seconds.
  path: Assets/Scenes/BossStage.unity
  artifactKey: Guid(fe6d17f8596b1774f82c72a7d475376a) Importer(815301076,1909f56bfc062723c751e8b465ee728b)
Start importing Assets/Scenes/BossStage.unity using Guid(fe6d17f8596b1774f82c72a7d475376a) Importer(815301076,1909f56bfc062723c751e8b465ee728b)  -> (artifact id: 'da8080197942ae4d5719638c9a0bfded') in 0.019348 seconds
  Import took 0.023715 seconds .

========================================================================
Received Import Request.
  Time since last request: 6.712867 seconds.
  path: Assets/Scenes/Stage2.unity
  artifactKey: Guid(8f8e58c75e70b134084fd506a5ea93c6) Importer(815301076,1909f56bfc062723c751e8b465ee728b)
Start importing Assets/Scenes/Stage2.unity using Guid(8f8e58c75e70b134084fd506a5ea93c6) Importer(815301076,1909f56bfc062723c751e8b465ee728b)  -> (artifact id: '18c9749bd9a8b3ef08c17323b5fdc27c') in 0.002410 seconds
  Import took 0.005777 seconds .

========================================================================
Received Prepare
Registering precompiled user dll's ...
Registered in 0.004155 seconds.
Begin MonoManager ReloadAssembly
Native extension for WindowsStandalone target not found
Refreshing native plugins compatible for Editor in 0.56 ms, found 3 plugins.
Preloading 0 native plugins for Editor in 0.00 ms.
Mono: successfully reloaded assembly
- Completed reload, in  1.277 seconds
Platform modules already initialized, skipping
Refreshing native plugins compatible for Editor in 0.50 ms, found 3 plugins.
Preloading 0 native plugins for Editor in 0.00 ms.
Unloading 2105 Unused Serialized files (Serialized files now loaded: 0)
System memory in use before: 100.7 MB.
System memory in use after: 100.7 MB.

Unloading 20 unused Assets to reduce memory usage. Loaded Objects now: 2620.
Total: 2.515600 ms (FindLiveObjects: 0.196200 ms CreateObjectMapping: 0.082200 ms MarkObjects: 2.139600 ms  DeleteObjects: 0.096200 ms)

========================================================================
Received Import Request.
  Time since last request: 103.137734 seconds.
  path: Assets/Sprites/Rocky Roads/background2.png
  artifactKey: Guid(aafe61e6d4cf830408d3e7ae5518c0e7) Importer(815301076,1909f56bfc062723c751e8b465ee728b)
Start importing Assets/Sprites/Rocky Roads/background2.png using Guid(aafe61e6d4cf830408d3e7ae5518c0e7) Importer(815301076,1909f56bfc062723c751e8b465ee728b)  -> (artifact id: 'a15b2f29274ef071a5abefe4e6c0ea1a') in 0.112878 seconds
  Import took 0.116648 seconds .

========================================================================
Received Import Request.
  Time since last request: 6.118100 seconds.
  path: Assets/Sprites/Rocky Roads/background2.png
  artifactKey: Guid(aafe61e6d4cf830408d3e7ae5518c0e7) Importer(815301076,1909f56bfc062723c751e8b465ee728b)
Start importing Assets/Sprites/Rocky Roads/background2.png using Guid(aafe61e6d4cf830408d3e7ae5518c0e7) Importer(815301076,1909f56bfc062723c751e8b465ee728b)  -> (artifact id: 'cf7125324b4b6dd4ef6ee250a082832c') in 0.009038 seconds
  Import took 0.012466 seconds .

========================================================================
Received Import Request.
  Time since last request: 0.000961 seconds.
  path: Assets/Sprites/Rocky Roads/background2.png
  artifactKey: Guid(aafe61e6d4cf830408d3e7ae5518c0e7) Importer(815301076,1909f56bfc062723c751e8b465ee728b)
Start importing Assets/Sprites/Rocky Roads/background2.png using Guid(aafe61e6d4cf830408d3e7ae5518c0e7) Importer(815301076,1909f56bfc062723c751e8b465ee728b)  -> (artifact id: 'cf7125324b4b6dd4ef6ee250a082832c') in 0.010282 seconds
  Import took 0.013917 seconds .

========================================================================
Received Import Request.
  Time since last request: 8.022402 seconds.
  path: Assets/Sprites/Rocky Roads/background2.png
  artifactKey: Guid(aafe61e6d4cf830408d3e7ae5518c0e7) Importer(815301076,1909f56bfc062723c751e8b465ee728b)
Start importing Assets/Sprites/Rocky Roads/background2.png using Guid(aafe61e6d4cf830408d3e7ae5518c0e7) Importer(815301076,1909f56bfc062723c751e8b465ee728b)  -> (artifact id: 'efd4ab58bbb9c3600ca9084901e43277') in 0.009920 seconds
  Import took 0.013345 seconds .

========================================================================
Received Import Request.
  Time since last request: 0.001095 seconds.
  path: Assets/Sprites/Rocky Roads/background2.png
  artifactKey: Guid(aafe61e6d4cf830408d3e7ae5518c0e7) Importer(815301076,1909f56bfc062723c751e8b465ee728b)
Start importing Assets/Sprites/Rocky Roads/background2.png using Guid(aafe61e6d4cf830408d3e7ae5518c0e7) Importer(815301076,1909f56bfc062723c751e8b465ee728b)  -> (artifact id: 'efd4ab58bbb9c3600ca9084901e43277') in 0.009555 seconds
  Import took 0.013913 seconds .

========================================================================
Received Import Request.
  Time since last request: 7.715069 seconds.
  path: Assets/Sprites/Rocky Roads/background2.png
  artifactKey: Guid(aafe61e6d4cf830408d3e7ae5518c0e7) Importer(815301076,1909f56bfc062723c751e8b465ee728b)
Start importing Assets/Sprites/Rocky Roads/background2.png using Guid(aafe61e6d4cf830408d3e7ae5518c0e7) Importer(815301076,1909f56bfc062723c751e8b465ee728b)  -> (artifact id: '66939680608d3dc994408b7b7704357e') in 0.007506 seconds
  Import took 0.013365 seconds .

========================================================================
Received Import Request.
  Time since last request: 9.290219 seconds.
  path: Assets/Sprites/Rocky Roads/background2.png
  artifactKey: Guid(aafe61e6d4cf830408d3e7ae5518c0e7) Importer(815301076,1909f56bfc062723c751e8b465ee728b)
Start importing Assets/Sprites/Rocky Roads/background2.png using Guid(aafe61e6d4cf830408d3e7ae5518c0e7) Importer(815301076,1909f56bfc062723c751e8b465ee728b)  -> (artifact id: '105c66da93ca854d9d71c44da6d6e080') in 0.010478 seconds
  Import took 0.015527 seconds .

========================================================================
Received Import Request.
  Time since last request: 95.308501 seconds.
  path: Assets/Sprites/Rocky Roads/tileset snow.png
  artifactKey: Guid(dbd248e3396678a458d07771a69090c8) Importer(815301076,1909f56bfc062723c751e8b465ee728b)
Start importing Assets/Sprites/Rocky Roads/tileset snow.png using Guid(dbd248e3396678a458d07771a69090c8) Importer(815301076,1909f56bfc062723c751e8b465ee728b)  -> (artifact id: '8d1371ea77aa8a8b8323700eceb335c9') in 0.019776 seconds
  Import took 0.026855 seconds .

========================================================================
Received Import Request.
  Time since last request: 49.661969 seconds.
  path: Assets/Sprites/Rocky Roads/tileset snow.png
  artifactKey: Guid(dbd248e3396678a458d07771a69090c8) Importer(815301076,1909f56bfc062723c751e8b465ee728b)
Start importing Assets/Sprites/Rocky Roads/tileset snow.png using Guid(dbd248e3396678a458d07771a69090c8) Importer(815301076,1909f56bfc062723c751e8b465ee728b)  -> (artifact id: 'fb67fb9f68d9fae68c3054f65e7e8b19') in 0.058723 seconds
  Import took 0.063006 seconds .

========================================================================
Received Import Request.
  Time since last request: 92.429941 seconds.
  path: Assets/Scenes/BossStage.unity
  artifactKey: Guid(fe6d17f8596b1774f82c72a7d475376a) Importer(815301076,1909f56bfc062723c751e8b465ee728b)
Start importing Assets/Scenes/BossStage.unity using Guid(fe6d17f8596b1774f82c72a7d475376a) Importer(815301076,1909f56bfc062723c751e8b465ee728b)  -> (artifact id: '20fa494172d90eeaf2768502826674c3') in 0.002441 seconds
  Import took 0.006052 seconds .

========================================================================
Received Prepare
Registering precompiled user dll's ...
Registered in 0.003299 seconds.
Begin MonoManager ReloadAssembly
Native extension for WindowsStandalone target not found
Refreshing native plugins compatible for Editor in 0.50 ms, found 3 plugins.
Preloading 0 native plugins for Editor in 0.00 ms.
Mono: successfully reloaded assembly
- Completed reload, in  1.209 seconds
Platform modules already initialized, skipping
Refreshing native plugins compatible for Editor in 0.47 ms, found 3 plugins.
Preloading 0 native plugins for Editor in 0.00 ms.
Unloading 2105 Unused Serialized files (Serialized files now loaded: 0)
System memory in use before: 100.7 MB.
System memory in use after: 100.7 MB.

Unloading 20 unused Assets to reduce memory usage. Loaded Objects now: 2631.
Total: 2.285300 ms (FindLiveObjects: 0.218500 ms CreateObjectMapping: 0.090700 ms MarkObjects: 1.882800 ms  DeleteObjects: 0.092000 ms)

========================================================================
Received Prepare
Registering precompiled user dll's ...
Registered in 0.003309 seconds.
Begin MonoManager ReloadAssembly
Native extension for WindowsStandalone target not found
Refreshing native plugins compatible for Editor in 0.49 ms, found 3 plugins.
Preloading 0 native plugins for Editor in 0.00 ms.
Mono: successfully reloaded assembly
- Completed reload, in  1.356 seconds
Platform modules already initialized, skipping
Refreshing native plugins compatible for Editor in 0.53 ms, found 3 plugins.
Preloading 0 native plugins for Editor in 0.00 ms.
Unloading 2105 Unused Serialized files (Serialized files now loaded: 0)
System memory in use before: 100.7 MB.
System memory in use after: 100.8 MB.

Unloading 20 unused Assets to reduce memory usage. Loaded Objects now: 2635.
Total: 2.982500 ms (FindLiveObjects: 0.228700 ms CreateObjectMapping: 0.119200 ms MarkObjects: 2.474700 ms  DeleteObjects: 0.158200 ms)

========================================================================
Received Prepare
Registering precompiled user dll's ...
Registered in 0.003435 seconds.
Begin MonoManager ReloadAssembly
Native extension for WindowsStandalone target not found
Refreshing native plugins compatible for Editor in 0.50 ms, found 3 plugins.
Preloading 0 native plugins for Editor in 0.00 ms.
Mono: successfully reloaded assembly
- Completed reload, in  1.064 seconds
Platform modules already initialized, skipping
Refreshing native plugins compatible for Editor in 0.50 ms, found 3 plugins.
Preloading 0 native plugins for Editor in 0.00 ms.
Unloading 2105 Unused Serialized files (Serialized files now loaded: 0)
System memory in use before: 100.7 MB.
System memory in use after: 100.8 MB.

Unloading 20 unused Assets to reduce memory usage. Loaded Objects now: 2639.
Total: 4.516400 ms (FindLiveObjects: 0.986200 ms CreateObjectMapping: 0.199300 ms MarkObjects: 3.127500 ms  DeleteObjects: 0.201800 ms)

========================================================================
Received Import Request.
  Time since last request: 1859.542081 seconds.
  path: Assets/TileMap/New Palette.prefab
  artifactKey: Guid(4862a4887bf97ea48b6f86afe295204b) Importer(815301076,1909f56bfc062723c751e8b465ee728b)
Start importing Assets/TileMap/New Palette.prefab using Guid(4862a4887bf97ea48b6f86afe295204b) Importer(815301076,1909f56bfc062723c751e8b465ee728b)  -> (artifact id: '6ac2ad43084a0527b549807f35380a82') in 0.036291 seconds
  Import took 0.040980 seconds .

========================================================================
Received Import Request.
  Time since last request: 0.536027 seconds.
  path: Assets/Meow Knight/Meow-Knight_Attack_1.png
  artifactKey: Guid(c081886f03aa1fb4ab178a77c914bb9f) Importer(815301076,1909f56bfc062723c751e8b465ee728b)
Start importing Assets/Meow Knight/Meow-Knight_Attack_1.png using Guid(c081886f03aa1fb4ab178a77c914bb9f) Importer(815301076,1909f56bfc062723c751e8b465ee728b)  -> (artifact id: '32ff12b4855e8ce4b49b47fabc2fb6ee') in 0.040505 seconds
  Import took 0.044965 seconds .

========================================================================
Received Import Request.
  Time since last request: 0.000265 seconds.
  path: Assets/Meow Knight/Meow-Knight_Death.png
  artifactKey: Guid(b4916bd0ea81b9c49a6fda3e44de0166) Importer(815301076,1909f56bfc062723c751e8b465ee728b)
Start importing Assets/Meow Knight/Meow-Knight_Death.png using Guid(b4916bd0ea81b9c49a6fda3e44de0166) Importer(815301076,1909f56bfc062723c751e8b465ee728b)  -> (artifact id: '8a98c6520204d733f09a143e7b83273a') in 0.024934 seconds
  Import took 0.032413 seconds .

========================================================================
Received Import Request.
  Time since last request: 0.000232 seconds.
  path: Assets/Meow Knight/Meow-Knight_Attack_3.png
  artifactKey: Guid(c7cd8543b25e80c439f1892e3baa8334) Importer(815301076,1909f56bfc062723c751e8b465ee728b)
Start importing Assets/Meow Knight/Meow-Knight_Attack_3.png using Guid(c7cd8543b25e80c439f1892e3baa8334) Importer(815301076,1909f56bfc062723c751e8b465ee728b)  -> (artifact id: '28862c0960fba5dc65a7d7676c53b74b') in 0.020308 seconds
  Import took 0.025652 seconds .

========================================================================
Received Import Request.
  Time since last request: 0.000238 seconds.
  path: Assets/Meow Knight/Meow-Knight_Take_Damage.png
  artifactKey: Guid(9375ccf102fbde94f869c0d16047b22b) Importer(815301076,1909f56bfc062723c751e8b465ee728b)
Start importing Assets/Meow Knight/Meow-Knight_Take_Damage.png using Guid(9375ccf102fbde94f869c0d16047b22b) Importer(815301076,1909f56bfc062723c751e8b465ee728b)  -> (artifact id: '2facffc85c69ae5374a2dd9a77a8e59c') in 0.020278 seconds
  Import took 0.026394 seconds .

========================================================================
Received Import Request.
  Time since last request: 0.000188 seconds.
  path: Assets/Meow Knight/Meow-Knight_Attack_4.png
  artifactKey: Guid(03e0698f6860222408df8726259b11a7) Importer(815301076,1909f56bfc062723c751e8b465ee728b)
Start importing Assets/Meow Knight/Meow-Knight_Attack_4.png using Guid(03e0698f6860222408df8726259b11a7) Importer(815301076,1909f56bfc062723c751e8b465ee728b)  -> (artifact id: '33a5abfd2e21abc88614efa959e59c0a') in 0.019384 seconds
  Import took 0.024112 seconds .

========================================================================
Received Import Request.
  Time since last request: 0.001586 seconds.
  path: Assets/Meow Knight/Meow-Knight_Run.png
  artifactKey: Guid(079bb4c524599744fbb8630f77a66fa1) Importer(815301076,1909f56bfc062723c751e8b465ee728b)
Start importing Assets/Meow Knight/Meow-Knight_Run.png using Guid(079bb4c524599744fbb8630f77a66fa1) Importer(815301076,1909f56bfc062723c751e8b465ee728b)  -> (artifact id: 'f15ec9a980a5a5e38a9152f7264765bf') in 0.017460 seconds
  Import took 0.022706 seconds .

========================================================================
Received Import Request.
  Time since last request: 0.000207 seconds.
  path: Assets/Meow Knight/Meow-Knight_Idle.png
  artifactKey: Guid(d20754321c953304fa1dc238546c2748) Importer(815301076,1909f56bfc062723c751e8b465ee728b)
Start importing Assets/Meow Knight/Meow-Knight_Idle.png using Guid(d20754321c953304fa1dc238546c2748) Importer(815301076,1909f56bfc062723c751e8b465ee728b)  -> (artifact id: 'f2cfdd0af200e153a5cddd8ef4c0d7a2') in 0.022002 seconds
  Import took 0.028862 seconds .

========================================================================
Received Import Request.
  Time since last request: 0.000293 seconds.
  path: Assets/Meow Knight/Meow-Knight_Jump.png
  artifactKey: Guid(c2d2a31aec71b344a9b95ed6b8122512) Importer(815301076,1909f56bfc062723c751e8b465ee728b)
Start importing Assets/Meow Knight/Meow-Knight_Jump.png using Guid(c2d2a31aec71b344a9b95ed6b8122512) Importer(815301076,1909f56bfc062723c751e8b465ee728b)  -> (artifact id: 'a0685bc73bfda6e3c67bdd4f6723d1ef') in 0.020824 seconds
  Import took 0.024726 seconds .

========================================================================
Received Import Request.
  Time since last request: 0.000195 seconds.
  path: Assets/Meow Knight/Meow-Knight_Dodge.png
  artifactKey: Guid(893ae62ca5815f54ba40d9889fcfe244) Importer(815301076,1909f56bfc062723c751e8b465ee728b)
Start importing Assets/Meow Knight/Meow-Knight_Dodge.png using Guid(893ae62ca5815f54ba40d9889fcfe244) Importer(815301076,1909f56bfc062723c751e8b465ee728b)  -> (artifact id: '59549b169db169cc77097d5903b9ef2e') in 0.016846 seconds
  Import took 0.022014 seconds .

========================================================================
Received Import Request.
  Time since last request: 0.000223 seconds.
  path: Assets/Meow Knight/Meow-Knight_Attack_2.png
  artifactKey: Guid(640deeb0109dcaf40a6add411a472072) Importer(815301076,1909f56bfc062723c751e8b465ee728b)
Start importing Assets/Meow Knight/Meow-Knight_Attack_2.png using Guid(640deeb0109dcaf40a6add411a472072) Importer(815301076,1909f56bfc062723c751e8b465ee728b)  -> (artifact id: 'd8e4c2a5b88dc161060d5e91cf4f85d0') in 0.020914 seconds
  Import took 0.024927 seconds .

========================================================================
Received Import Request.
  Time since last request: 25.081536 seconds.
  path: Assets/Sprites/Meow Knight/Meow-Knight_Idle.png
  artifactKey: Guid(d20754321c953304fa1dc238546c2748) Importer(815301076,1909f56bfc062723c751e8b465ee728b)
Start importing Assets/Sprites/Meow Knight/Meow-Knight_Idle.png using Guid(d20754321c953304fa1dc238546c2748) Importer(815301076,1909f56bfc062723c751e8b465ee728b)  -> (artifact id: '1dcd3cb98d75215a52f57c237bb11364') in 0.016035 seconds
  Import took 0.021465 seconds .

========================================================================
Received Import Request.
  Time since last request: 22.076004 seconds.
  path: Assets/Sprites/Meow Knight/Meow-Knight_Idle.png
  artifactKey: Guid(d20754321c953304fa1dc238546c2748) Importer(815301076,1909f56bfc062723c751e8b465ee728b)
Start importing Assets/Sprites/Meow Knight/Meow-Knight_Idle.png using Guid(d20754321c953304fa1dc238546c2748) Importer(815301076,1909f56bfc062723c751e8b465ee728b)  -> (artifact id: 'd47e64efc7d3ea59e28d1da89cda268c') in 0.024997 seconds
  Import took 0.029691 seconds .

========================================================================
Received Import Request.
  Time since last request: 20.564638 seconds.
  path: Assets/Sprites/Meow Knight/Meow-Knight_Idle.png
  artifactKey: Guid(d20754321c953304fa1dc238546c2748) Importer(815301076,1909f56bfc062723c751e8b465ee728b)
Start importing Assets/Sprites/Meow Knight/Meow-Knight_Idle.png using Guid(d20754321c953304fa1dc238546c2748) Importer(815301076,1909f56bfc062723c751e8b465ee728b)  -> (artifact id: '9e2e5f7682785c23a69357ef911f8a25') in 0.021094 seconds
  Import took 0.026377 seconds .

========================================================================
Received Import Request.
  Time since last request: 4.898923 seconds.
  path: Assets/Sprites/Meow Knight/Meow-Knight_Idle.png
  artifactKey: Guid(d20754321c953304fa1dc238546c2748) Importer(815301076,1909f56bfc062723c751e8b465ee728b)
Start importing Assets/Sprites/Meow Knight/Meow-Knight_Idle.png using Guid(d20754321c953304fa1dc238546c2748) Importer(815301076,1909f56bfc062723c751e8b465ee728b)  -> (artifact id: 'bf1d83fee7bb17e690d0937f39ae7ad2') in 0.021438 seconds
  Import took 0.025565 seconds .

========================================================================
Received Prepare
Registering precompiled user dll's ...
Registered in 0.003080 seconds.
Begin MonoManager ReloadAssembly
Native extension for WindowsStandalone target not found
Refreshing native plugins compatible for Editor in 0.60 ms, found 3 plugins.
Preloading 0 native plugins for Editor in 0.00 ms.
Mono: successfully reloaded assembly
- Completed reload, in  1.219 seconds
Platform modules already initialized, skipping
Refreshing native plugins compatible for Editor in 0.55 ms, found 3 plugins.
Preloading 0 native plugins for Editor in 0.00 ms.
Unloading 2105 Unused Serialized files (Serialized files now loaded: 0)
System memory in use before: 100.9 MB.
System memory in use after: 100.9 MB.

Unloading 20 unused Assets to reduce memory usage. Loaded Objects now: 2672.
Total: 2.792300 ms (FindLiveObjects: 0.214700 ms CreateObjectMapping: 0.087800 ms MarkObjects: 2.381000 ms  DeleteObjects: 0.102500 ms)

========================================================================
Received Prepare
Registering precompiled user dll's ...
Registered in 0.003265 seconds.
Begin MonoManager ReloadAssembly
Native extension for WindowsStandalone target not found
Refreshing native plugins compatible for Editor in 0.53 ms, found 3 plugins.
Preloading 0 native plugins for Editor in 0.00 ms.
Mono: successfully reloaded assembly
- Completed reload, in  1.285 seconds
Platform modules already initialized, skipping
Refreshing native plugins compatible for Editor in 0.48 ms, found 3 plugins.
Preloading 0 native plugins for Editor in 0.00 ms.
Unloading 2105 Unused Serialized files (Serialized files now loaded: 0)
System memory in use before: 100.9 MB.
System memory in use after: 101.0 MB.

Unloading 20 unused Assets to reduce memory usage. Loaded Objects now: 2676.
Total: 2.968700 ms (FindLiveObjects: 0.216500 ms CreateObjectMapping: 0.093500 ms MarkObjects: 2.555500 ms  DeleteObjects: 0.101700 ms)

========================================================================
Received Prepare
Registering precompiled user dll's ...
Registered in 0.003024 seconds.
Begin MonoManager ReloadAssembly
Native extension for WindowsStandalone target not found
Refreshing native plugins compatible for Editor in 0.52 ms, found 3 plugins.
Preloading 0 native plugins for Editor in 0.00 ms.
Mono: successfully reloaded assembly
- Completed reload, in  1.118 seconds
Platform modules already initialized, skipping
Refreshing native plugins compatible for Editor in 0.56 ms, found 3 plugins.
Preloading 0 native plugins for Editor in 0.00 ms.
Unloading 2105 Unused Serialized files (Serialized files now loaded: 0)
System memory in use before: 100.9 MB.
System memory in use after: 101.0 MB.

Unloading 20 unused Assets to reduce memory usage. Loaded Objects now: 2680.
Total: 3.452300 ms (FindLiveObjects: 0.272000 ms CreateObjectMapping: 0.125400 ms MarkObjects: 2.907500 ms  DeleteObjects: 0.145500 ms)

========================================================================
Received Prepare
Registering precompiled user dll's ...
Registered in 0.002796 seconds.
Begin MonoManager ReloadAssembly
Native extension for WindowsStandalone target not found
Refreshing native plugins compatible for Editor in 0.56 ms, found 3 plugins.
Preloading 0 native plugins for Editor in 0.00 ms.
Mono: successfully reloaded assembly
- Completed reload, in  1.244 seconds
Platform modules already initialized, skipping
Refreshing native plugins compatible for Editor in 0.55 ms, found 3 plugins.
Preloading 0 native plugins for Editor in 0.00 ms.
Unloading 2105 Unused Serialized files (Serialized files now loaded: 0)
System memory in use before: 101.0 MB.
System memory in use after: 101.0 MB.

Unloading 20 unused Assets to reduce memory usage. Loaded Objects now: 2684.
Total: 2.575500 ms (FindLiveObjects: 0.192100 ms CreateObjectMapping: 0.076300 ms MarkObjects: 2.179300 ms  DeleteObjects: 0.126600 ms)

========================================================================
Received Prepare
Registering precompiled user dll's ...
Registered in 0.004178 seconds.
Begin MonoManager ReloadAssembly
Native extension for WindowsStandalone target not found
Refreshing native plugins compatible for Editor in 0.49 ms, found 3 plugins.
Preloading 0 native plugins for Editor in 0.00 ms.
Mono: successfully reloaded assembly
- Completed reload, in  1.137 seconds
Platform modules already initialized, skipping
Refreshing native plugins compatible for Editor in 0.53 ms, found 3 plugins.
Preloading 0 native plugins for Editor in 0.00 ms.
Unloading 2105 Unused Serialized files (Serialized files now loaded: 0)
System memory in use before: 101.0 MB.
System memory in use after: 101.0 MB.

Unloading 20 unused Assets to reduce memory usage. Loaded Objects now: 2688.
Total: 2.298600 ms (FindLiveObjects: 0.202300 ms CreateObjectMapping: 0.084300 ms MarkObjects: 1.913500 ms  DeleteObjects: 0.097400 ms)

========================================================================
Received Prepare
Registering precompiled user dll's ...
Registered in 0.004487 seconds.
Begin MonoManager ReloadAssembly
Native extension for WindowsStandalone target not found
Refreshing native plugins compatible for Editor in 0.58 ms, found 3 plugins.
Preloading 0 native plugins for Editor in 0.00 ms.
Mono: successfully reloaded assembly
- Completed reload, in  1.183 seconds
Platform modules already initialized, skipping
Refreshing native plugins compatible for Editor in 0.48 ms, found 3 plugins.
Preloading 0 native plugins for Editor in 0.00 ms.
Unloading 2105 Unused Serialized files (Serialized files now loaded: 0)
System memory in use before: 101.0 MB.
System memory in use after: 101.0 MB.

Unloading 20 unused Assets to reduce memory usage. Loaded Objects now: 2692.
Total: 2.697300 ms (FindLiveObjects: 0.203800 ms CreateObjectMapping: 0.087700 ms MarkObjects: 2.265800 ms  DeleteObjects: 0.138700 ms)

========================================================================
Received Import Request.
  Time since last request: 876.442912 seconds.
  path: Assets/Scripts/BossMonster.cs
  artifactKey: Guid(aa2903aedec4eca409a3426430f132b6) Importer(815301076,1909f56bfc062723c751e8b465ee728b)
Start importing Assets/Scripts/BossMonster.cs using Guid(aa2903aedec4eca409a3426430f132b6) Importer(815301076,1909f56bfc062723c751e8b465ee728b)  -> (artifact id: '2a47a03d79c1e672993d5bc24d238c08') in 0.097562 seconds
  Import took 0.105200 seconds .

========================================================================
Received Prepare
Registering precompiled user dll's ...
Registered in 0.007574 seconds.
Begin MonoManager ReloadAssembly
Native extension for WindowsStandalone target not found
Refreshing native plugins compatible for Editor in 0.52 ms, found 3 plugins.
Preloading 0 native plugins for Editor in 0.00 ms.
Mono: successfully reloaded assembly
- Completed reload, in  1.164 seconds
Platform modules already initialized, skipping
Refreshing native plugins compatible for Editor in 0.48 ms, found 3 plugins.
Preloading 0 native plugins for Editor in 0.00 ms.
Unloading 2106 Unused Serialized files (Serialized files now loaded: 0)
System memory in use before: 101.0 MB.
System memory in use after: 101.0 MB.

Unloading 20 unused Assets to reduce memory usage. Loaded Objects now: 2697.
Total: 2.432700 ms (FindLiveObjects: 0.206200 ms CreateObjectMapping: 0.087500 ms MarkObjects: 1.914400 ms  DeleteObjects: 0.223300 ms)

========================================================================
Received Import Request.
  Time since last request: 30.043029 seconds.
  path: Assets/Scripts/NewBehaviourScript.cs
  artifactKey: Guid(a68416c98d77d99458a0dbd19dce5cf0) Importer(815301076,1909f56bfc062723c751e8b465ee728b)
Start importing Assets/Scripts/NewBehaviourScript.cs using Guid(a68416c98d77d99458a0dbd19dce5cf0) Importer(815301076,1909f56bfc062723c751e8b465ee728b)  -> (artifact id: '7cab879605e193941d41d949793d1773') in 0.013374 seconds
  Import took 0.017842 seconds .

========================================================================
Received Prepare
Registering precompiled user dll's ...
Registered in 0.003915 seconds.
Begin MonoManager ReloadAssembly
Native extension for WindowsStandalone target not found
Refreshing native plugins compatible for Editor in 0.49 ms, found 3 plugins.
Preloading 0 native plugins for Editor in 0.00 ms.
Mono: successfully reloaded assembly
- Completed reload, in  1.202 seconds
Platform modules already initialized, skipping
Refreshing native plugins compatible for Editor in 0.51 ms, found 3 plugins.
Preloading 0 native plugins for Editor in 0.00 ms.
Unloading 2106 Unused Serialized files (Serialized files now loaded: 0)
System memory in use before: 101.0 MB.
System memory in use after: 101.0 MB.

Unloading 20 unused Assets to reduce memory usage. Loaded Objects now: 2701.
Total: 2.626000 ms (FindLiveObjects: 0.224100 ms CreateObjectMapping: 0.097300 ms MarkObjects: 2.194800 ms  DeleteObjects: 0.108200 ms)

========================================================================
Received Import Request.
  Time since last request: 288.898510 seconds.
  path: Assets/Sprites/Bullet.png
  artifactKey: Guid(b39395564df9d3a48add38d73cb15875) Importer(815301076,1909f56bfc062723c751e8b465ee728b)
Start importing Assets/Sprites/Bullet.png using Guid(b39395564df9d3a48add38d73cb15875) Importer(815301076,1909f56bfc062723c751e8b465ee728b)  -> (artifact id: 'ad0fd419b2d1abfd5143eb35b9772efb') in 0.078398 seconds
  Import took 0.084305 seconds .

========================================================================
Received Import Request.
  Time since last request: 16.665210 seconds.
  path: Assets/Sprites/Bullet.png
  artifactKey: Guid(b39395564df9d3a48add38d73cb15875) Importer(815301076,1909f56bfc062723c751e8b465ee728b)
Start importing Assets/Sprites/Bullet.png using Guid(b39395564df9d3a48add38d73cb15875) Importer(815301076,1909f56bfc062723c751e8b465ee728b)  -> (artifact id: '1e55c3c50281b8511d6a8fd61d6db5c1') in 0.030893 seconds
  Import took 0.041450 seconds .

========================================================================
Received Import Request.
  Time since last request: 127.288163 seconds.
  path: Assets/Sprites/Bullet.png
  artifactKey: Guid(b39395564df9d3a48add38d73cb15875) Importer(815301076,1909f56bfc062723c751e8b465ee728b)
Start importing Assets/Sprites/Bullet.png using Guid(b39395564df9d3a48add38d73cb15875) Importer(815301076,1909f56bfc062723c751e8b465ee728b)  -> (artifact id: '6c72a92f41e312391fad6e6d2bfdbee8') in 0.015297 seconds
  Import took 0.026588 seconds .

========================================================================
Received Import Request.
  Time since last request: 8.950131 seconds.
  path: Assets/Sprites/Bullet.png
  artifactKey: Guid(b39395564df9d3a48add38d73cb15875) Importer(815301076,1909f56bfc062723c751e8b465ee728b)
Start importing Assets/Sprites/Bullet.png using Guid(b39395564df9d3a48add38d73cb15875) Importer(815301076,1909f56bfc062723c751e8b465ee728b)  -> (artifact id: 'ed5fcd6c491f8305ff2e3cfddaf83a42') in 0.041433 seconds
  Import took 0.050020 seconds .

========================================================================
Received Import Request.
  Time since last request: 7.260827 seconds.
  path: Assets/Sprites/Bullet.png
  artifactKey: Guid(b39395564df9d3a48add38d73cb15875) Importer(815301076,1909f56bfc062723c751e8b465ee728b)
Start importing Assets/Sprites/Bullet.png using Guid(b39395564df9d3a48add38d73cb15875) Importer(815301076,1909f56bfc062723c751e8b465ee728b)  -> (artifact id: '15ea5fb659d7d641ec11e1f0d8f72453') in 0.013286 seconds
  Import took 0.020052 seconds .

========================================================================
Received Import Request.
  Time since last request: 16.064225 seconds.
  path: Assets/Prefabs/Bullet_0.prefab
  artifactKey: Guid(e6f1140f6a536634ca69045fa32d8e26) Importer(815301076,1909f56bfc062723c751e8b465ee728b)
Start importing Assets/Prefabs/Bullet_0.prefab using Guid(e6f1140f6a536634ca69045fa32d8e26) Importer(815301076,1909f56bfc062723c751e8b465ee728b)  -> (artifact id: '4701e29a5c5a190c3a1e414a9a1e5ff3') in 0.065865 seconds
  Import took 0.072436 seconds .

========================================================================
Received Import Request.
  Time since last request: 4.153398 seconds.
  path: Assets/Prefabs/Bullet.prefab
  artifactKey: Guid(e6f1140f6a536634ca69045fa32d8e26) Importer(815301076,1909f56bfc062723c751e8b465ee728b)
Start importing Assets/Prefabs/Bullet.prefab using Guid(e6f1140f6a536634ca69045fa32d8e26) Importer(815301076,1909f56bfc062723c751e8b465ee728b)  -> (artifact id: 'fe52708e4d9564b5f226a8bd7189ccbf') in 0.009777 seconds
  Import took 0.046956 seconds .

========================================================================
Received Prepare
Registering precompiled user dll's ...
Registered in 0.011801 seconds.
Begin MonoManager ReloadAssembly
Native extension for WindowsStandalone target not found
Refreshing native plugins compatible for Editor in 0.56 ms, found 3 plugins.
Preloading 0 native plugins for Editor in 0.00 ms.
Mono: successfully reloaded assembly
- Completed reload, in  1.428 seconds
Platform modules already initialized, skipping
Refreshing native plugins compatible for Editor in 0.49 ms, found 3 plugins.
Preloading 0 native plugins for Editor in 0.00 ms.
Unloading 2106 Unused Serialized files (Serialized files now loaded: 0)
System memory in use before: 101.1 MB.
System memory in use after: 101.2 MB.

Unloading 20 unused Assets to reduce memory usage. Loaded Objects now: 2710.
Total: 2.880600 ms (FindLiveObjects: 0.333600 ms CreateObjectMapping: 0.146400 ms MarkObjects: 2.263100 ms  DeleteObjects: 0.135800 ms)

========================================================================
Received Import Request.
  Time since last request: 66.212882 seconds.
  path: Assets/Sprites/Meow Knight/Meow-Knight_Jump.png
  artifactKey: Guid(c2d2a31aec71b344a9b95ed6b8122512) Importer(815301076,1909f56bfc062723c751e8b465ee728b)
Start importing Assets/Sprites/Meow Knight/Meow-Knight_Jump.png using Guid(c2d2a31aec71b344a9b95ed6b8122512) Importer(815301076,1909f56bfc062723c751e8b465ee728b)  -> (artifact id: 'ff901fad0e97cfd0ccbb62bfabbc338a') in 0.040408 seconds
  Import took 0.046190 seconds .

========================================================================
Received Import Request.
  Time since last request: 7.820603 seconds.
  path: Assets/Sprites/Meow Knight/Meow-Knight_Jump.png
  artifactKey: Guid(c2d2a31aec71b344a9b95ed6b8122512) Importer(815301076,1909f56bfc062723c751e8b465ee728b)
Start importing Assets/Sprites/Meow Knight/Meow-Knight_Jump.png using Guid(c2d2a31aec71b344a9b95ed6b8122512) Importer(815301076,1909f56bfc062723c751e8b465ee728b)  -> (artifact id: '52f0ab995c9862dbd8a6a3ca9ba7e8b5') in 0.084109 seconds
  Import took 0.090091 seconds .

========================================================================
Received Import Request.
  Time since last request: 9.952274 seconds.
  path: Assets/Animation/Boss.anim
  artifactKey: Guid(c83e3d9c8ff09634fa0294fba3f648be) Importer(815301076,1909f56bfc062723c751e8b465ee728b)
Start importing Assets/Animation/Boss.anim using Guid(c83e3d9c8ff09634fa0294fba3f648be) Importer(815301076,1909f56bfc062723c751e8b465ee728b)  -> (artifact id: '462a8aa2da36b666888750f58820690c') in 0.015421 seconds
  Import took 0.019465 seconds .

========================================================================
Received Import Request.
  Time since last request: 0.003845 seconds.
  path: Assets/Animation/Boss.anim
  artifactKey: Guid(c83e3d9c8ff09634fa0294fba3f648be) Importer(815301076,1909f56bfc062723c751e8b465ee728b)
Start importing Assets/Animation/Boss.anim using Guid(c83e3d9c8ff09634fa0294fba3f648be) Importer(815301076,1909f56bfc062723c751e8b465ee728b)  -> (artifact id: '462a8aa2da36b666888750f58820690c') in 0.008762 seconds
  Import took 0.025770 seconds .

========================================================================
Received Import Request.
  Time since last request: 74.853882 seconds.
  path: Assets/Animation/Boss.anim
  artifactKey: Guid(c83e3d9c8ff09634fa0294fba3f648be) Importer(815301076,1909f56bfc062723c751e8b465ee728b)
Start importing Assets/Animation/Boss.anim using Guid(c83e3d9c8ff09634fa0294fba3f648be) Importer(815301076,1909f56bfc062723c751e8b465ee728b)  -> (artifact id: 'ad667a4747721f45a297796a74bac82e') in 0.010861 seconds
  Import took 0.014548 seconds .

========================================================================
Received Import Request.
  Time since last request: 0.000609 seconds.
  path: Assets/Animation/Boss.anim
  artifactKey: Guid(c83e3d9c8ff09634fa0294fba3f648be) Importer(815301076,1909f56bfc062723c751e8b465ee728b)
Start importing Assets/Animation/Boss.anim using Guid(c83e3d9c8ff09634fa0294fba3f648be) Importer(815301076,1909f56bfc062723c751e8b465ee728b)  -> (artifact id: 'ad667a4747721f45a297796a74bac82e') in 0.005800 seconds
  Import took 0.010872 seconds .

========================================================================
Received Prepare
Registering precompiled user dll's ...
Registered in 0.003749 seconds.
Begin MonoManager ReloadAssembly
Native extension for WindowsStandalone target not found
Refreshing native plugins compatible for Editor in 1.07 ms, found 3 plugins.
Preloading 0 native plugins for Editor in 0.00 ms.
Mono: successfully reloaded assembly
- Completed reload, in  1.296 seconds
Platform modules already initialized, skipping
Refreshing native plugins compatible for Editor in 0.47 ms, found 3 plugins.
Preloading 0 native plugins for Editor in 0.00 ms.
Unloading 2106 Unused Serialized files (Serialized files now loaded: 0)
System memory in use before: 101.2 MB.
System memory in use after: 101.3 MB.

Unloading 20 unused Assets to reduce memory usage. Loaded Objects now: 2719.
Total: 2.358900 ms (FindLiveObjects: 0.232800 ms CreateObjectMapping: 0.096800 ms MarkObjects: 1.931700 ms  DeleteObjects: 0.096500 ms)

========================================================================
Received Prepare
Registering precompiled user dll's ...
Registered in 0.003406 seconds.
Begin MonoManager ReloadAssembly
Native extension for WindowsStandalone target not found
Refreshing native plugins compatible for Editor in 0.53 ms, found 3 plugins.
Preloading 0 native plugins for Editor in 0.00 ms.
Mono: successfully reloaded assembly
- Completed reload, in  1.242 seconds
Platform modules already initialized, skipping
Refreshing native plugins compatible for Editor in 0.49 ms, found 3 plugins.
Preloading 0 native plugins for Editor in 0.00 ms.
Unloading 2106 Unused Serialized files (Serialized files now loaded: 0)
System memory in use before: 101.2 MB.
System memory in use after: 101.3 MB.

Unloading 20 unused Assets to reduce memory usage. Loaded Objects now: 2723.
Total: 3.975700 ms (FindLiveObjects: 0.236600 ms CreateObjectMapping: 0.098300 ms MarkObjects: 3.529600 ms  DeleteObjects: 0.109600 ms)

========================================================================
Received Prepare
Registering precompiled user dll's ...
Registered in 0.004580 seconds.
Begin MonoManager ReloadAssembly
Native extension for WindowsStandalone target not found
Refreshing native plugins compatible for Editor in 0.64 ms, found 3 plugins.
Preloading 0 native plugins for Editor in 0.00 ms.
Mono: successfully reloaded assembly
- Completed reload, in  1.156 seconds
Platform modules already initialized, skipping
Refreshing native plugins compatible for Editor in 0.47 ms, found 3 plugins.
Preloading 0 native plugins for Editor in 0.00 ms.
Unloading 2106 Unused Serialized files (Serialized files now loaded: 0)
System memory in use before: 101.2 MB.
System memory in use after: 101.3 MB.

Unloading 20 unused Assets to reduce memory usage. Loaded Objects now: 2727.
Total: 2.459400 ms (FindLiveObjects: 0.237300 ms CreateObjectMapping: 0.092200 ms MarkObjects: 2.023700 ms  DeleteObjects: 0.105100 ms)

========================================================================
Received Import Request.
  Time since last request: 106.592910 seconds.
  path: Assets/Sprites/Bullet.png
  artifactKey: Guid(b39395564df9d3a48add38d73cb15875) Importer(815301076,1909f56bfc062723c751e8b465ee728b)
Start importing Assets/Sprites/Bullet.png using Guid(b39395564df9d3a48add38d73cb15875) Importer(815301076,1909f56bfc062723c751e8b465ee728b)  -> (artifact id: '1d9b19882068dae615223f137bf92db5') in 0.063177 seconds
  Import took 0.068102 seconds .

========================================================================
Received Import Request.
  Time since last request: 5.006137 seconds.
  path: Assets/Sprites/Bullet.png
  artifactKey: Guid(b39395564df9d3a48add38d73cb15875) Importer(815301076,1909f56bfc062723c751e8b465ee728b)
Start importing Assets/Sprites/Bullet.png using Guid(b39395564df9d3a48add38d73cb15875) Importer(815301076,1909f56bfc062723c751e8b465ee728b)  -> (artifact id: '758d66bbd2e8536e631afb5b3d37930c') in 0.014887 seconds
  Import took 0.020357 seconds .

========================================================================
Received Prepare
Registering precompiled user dll's ...
Registered in 0.004078 seconds.
Begin MonoManager ReloadAssembly
Native extension for WindowsStandalone target not found
Refreshing native plugins compatible for Editor in 0.46 ms, found 3 plugins.
Preloading 0 native plugins for Editor in 0.00 ms.
Mono: successfully reloaded assembly
- Completed reload, in  1.226 seconds
Platform modules already initialized, skipping
Refreshing native plugins compatible for Editor in 0.61 ms, found 3 plugins.
Preloading 0 native plugins for Editor in 0.00 ms.
Unloading 2106 Unused Serialized files (Serialized files now loaded: 0)
System memory in use before: 101.2 MB.
System memory in use after: 101.3 MB.

Unloading 20 unused Assets to reduce memory usage. Loaded Objects now: 2732.
Total: 3.000300 ms (FindLiveObjects: 0.227100 ms CreateObjectMapping: 0.099300 ms MarkObjects: 2.554400 ms  DeleteObjects: 0.117500 ms)

========================================================================
Received Prepare
Registering precompiled user dll's ...
Registered in 0.007849 seconds.
Begin MonoManager ReloadAssembly
Native extension for WindowsStandalone target not found
Refreshing native plugins compatible for Editor in 0.48 ms, found 3 plugins.
Preloading 0 native plugins for Editor in 0.00 ms.
Mono: successfully reloaded assembly
- Completed reload, in  1.151 seconds
Platform modules already initialized, skipping
Refreshing native plugins compatible for Editor in 0.73 ms, found 3 plugins.
Preloading 0 native plugins for Editor in 0.00 ms.
Unloading 2106 Unused Serialized files (Serialized files now loaded: 0)
System memory in use before: 101.2 MB.
System memory in use after: 101.3 MB.

Unloading 20 unused Assets to reduce memory usage. Loaded Objects now: 2736.
Total: 2.161800 ms (FindLiveObjects: 0.217800 ms CreateObjectMapping: 0.086700 ms MarkObjects: 1.754200 ms  DeleteObjects: 0.102200 ms)

========================================================================
Received Prepare
Registering precompiled user dll's ...
Registered in 0.003323 seconds.
Begin MonoManager ReloadAssembly
Native extension for WindowsStandalone target not found
Refreshing native plugins compatible for Editor in 0.49 ms, found 3 plugins.
Preloading 0 native plugins for Editor in 0.00 ms.
Mono: successfully reloaded assembly
- Completed reload, in  1.309 seconds
Platform modules already initialized, skipping
Refreshing native plugins compatible for Editor in 0.58 ms, found 3 plugins.
Preloading 0 native plugins for Editor in 0.00 ms.
Unloading 2106 Unused Serialized files (Serialized files now loaded: 0)
System memory in use before: 101.2 MB.
System memory in use after: 101.3 MB.

Unloading 20 unused Assets to reduce memory usage. Loaded Objects now: 2740.
Total: 4.946400 ms (FindLiveObjects: 0.304000 ms CreateObjectMapping: 0.126100 ms MarkObjects: 4.404600 ms  DeleteObjects: 0.109800 ms)

========================================================================
Received Prepare
Registering precompiled user dll's ...
Registered in 0.004317 seconds.
Begin MonoManager ReloadAssembly
Native extension for WindowsStandalone target not found
Refreshing native plugins compatible for Editor in 0.75 ms, found 3 plugins.
Preloading 0 native plugins for Editor in 0.00 ms.
Mono: successfully reloaded assembly
- Completed reload, in  1.308 seconds
Platform modules already initialized, skipping
Refreshing native plugins compatible for Editor in 0.57 ms, found 3 plugins.
Preloading 0 native plugins for Editor in 0.00 ms.
Unloading 2106 Unused Serialized files (Serialized files now loaded: 0)
System memory in use before: 101.2 MB.
System memory in use after: 101.3 MB.

Unloading 20 unused Assets to reduce memory usage. Loaded Objects now: 2744.
Total: 2.478500 ms (FindLiveObjects: 0.244200 ms CreateObjectMapping: 0.101500 ms MarkObjects: 2.025700 ms  DeleteObjects: 0.105900 ms)

========================================================================
Received Import Request.
  Time since last request: 113.169075 seconds.
  path: Assets/Sprites/Bullet.png
  artifactKey: Guid(b39395564df9d3a48add38d73cb15875) Importer(815301076,1909f56bfc062723c751e8b465ee728b)
Start importing Assets/Sprites/Bullet.png using Guid(b39395564df9d3a48add38d73cb15875) Importer(815301076,1909f56bfc062723c751e8b465ee728b)  -> (artifact id: 'fb8c4ae371d564070a19765be2758602') in 0.114949 seconds
  Import took 0.121489 seconds .

========================================================================
Received Prepare
Registering precompiled user dll's ...
Registered in 0.003051 seconds.
Begin MonoManager ReloadAssembly
Native extension for WindowsStandalone target not found
Refreshing native plugins compatible for Editor in 0.95 ms, found 3 plugins.
Preloading 0 native plugins for Editor in 0.00 ms.
Mono: successfully reloaded assembly
- Completed reload, in  1.189 seconds
Platform modules already initialized, skipping
Refreshing native plugins compatible for Editor in 0.49 ms, found 3 plugins.
Preloading 0 native plugins for Editor in 0.00 ms.
Unloading 2106 Unused Serialized files (Serialized files now loaded: 0)
System memory in use before: 101.2 MB.
System memory in use after: 101.3 MB.

Unloading 20 unused Assets to reduce memory usage. Loaded Objects now: 2749.
Total: 2.418100 ms (FindLiveObjects: 0.289100 ms CreateObjectMapping: 0.145800 ms MarkObjects: 1.881600 ms  DeleteObjects: 0.100400 ms)

========================================================================
Received Import Request.
  Time since last request: 132.097386 seconds.
  path: Assets/Scripts/Bullet.cs
  artifactKey: Guid(c3172ad8d8c63dd4785b9637c58b9960) Importer(815301076,1909f56bfc062723c751e8b465ee728b)
Start importing Assets/Scripts/Bullet.cs using Guid(c3172ad8d8c63dd4785b9637c58b9960) Importer(815301076,1909f56bfc062723c751e8b465ee728b)  -> (artifact id: 'c77e497a48218b7bd2622fd547f1dfe2') in 0.026755 seconds
  Import took 0.036361 seconds .

========================================================================
Received Prepare
Registering precompiled user dll's ...
Registered in 0.003650 seconds.
Begin MonoManager ReloadAssembly
Native extension for WindowsStandalone target not found
Refreshing native plugins compatible for Editor in 0.47 ms, found 3 plugins.
Preloading 0 native plugins for Editor in 0.00 ms.
Mono: successfully reloaded assembly
- Completed reload, in  1.564 seconds
Platform modules already initialized, skipping
Refreshing native plugins compatible for Editor in 0.49 ms, found 3 plugins.
Preloading 0 native plugins for Editor in 0.00 ms.
Unloading 2107 Unused Serialized files (Serialized files now loaded: 0)
System memory in use before: 101.3 MB.
System memory in use after: 101.4 MB.

Unloading 20 unused Assets to reduce memory usage. Loaded Objects now: 2754.
Total: 2.946800 ms (FindLiveObjects: 0.280500 ms CreateObjectMapping: 0.113800 ms MarkObjects: 2.316100 ms  DeleteObjects: 0.235200 ms)

========================================================================
Received Prepare
Registering precompiled user dll's ...
Registered in 0.003158 seconds.
Begin MonoManager ReloadAssembly
Native extension for WindowsStandalone target not found
Refreshing native plugins compatible for Editor in 0.74 ms, found 3 plugins.
Preloading 0 native plugins for Editor in 0.00 ms.
Mono: successfully reloaded assembly
- Completed reload, in  1.430 seconds
Platform modules already initialized, skipping
Refreshing native plugins compatible for Editor in 0.53 ms, found 3 plugins.
Preloading 0 native plugins for Editor in 0.00 ms.
Unloading 2107 Unused Serialized files (Serialized files now loaded: 0)
System memory in use before: 101.3 MB.
System memory in use after: 101.4 MB.

Unloading 20 unused Assets to reduce memory usage. Loaded Objects now: 2758.
Total: 2.320800 ms (FindLiveObjects: 0.233500 ms CreateObjectMapping: 0.092100 ms MarkObjects: 1.895800 ms  DeleteObjects: 0.098400 ms)

========================================================================
Received Import Request.
  Time since last request: 90.807480 seconds.
  path: Assets/Scripts/Bullet.cs
  artifactKey: Guid(c3172ad8d8c63dd4785b9637c58b9960) Importer(815301076,1909f56bfc062723c751e8b465ee728b)
Start importing Assets/Scripts/Bullet.cs using Guid(c3172ad8d8c63dd4785b9637c58b9960) Importer(815301076,1909f56bfc062723c751e8b465ee728b)  -> (artifact id: 'bbf1a294af80f114f0dc0ed5b7c9b9c7') in 0.007064 seconds
  Import took 0.010380 seconds .

========================================================================
Received Import Request.
  Time since last request: 13.510799 seconds.
  path: Assets/Prefabs/Bullet 1.prefab
  artifactKey: Guid(48a4fe95bfe6a4948ba2da6c3b5076f8) Importer(815301076,1909f56bfc062723c751e8b465ee728b)
Start importing Assets/Prefabs/Bullet 1.prefab using Guid(48a4fe95bfe6a4948ba2da6c3b5076f8) Importer(815301076,1909f56bfc062723c751e8b465ee728b)  -> (artifact id: '56dc867e697a13664bd61b272781b0a2') in 0.092082 seconds
  Import took 0.097515 seconds .

========================================================================
Received Import Request.
  Time since last request: 6.409250 seconds.
  path: Assets/Prefabs/GuidedBullet.prefab
  artifactKey: Guid(48a4fe95bfe6a4948ba2da6c3b5076f8) Importer(815301076,1909f56bfc062723c751e8b465ee728b)
Start importing Assets/Prefabs/GuidedBullet.prefab using Guid(48a4fe95bfe6a4948ba2da6c3b5076f8) Importer(815301076,1909f56bfc062723c751e8b465ee728b)  -> (artifact id: 'e2950337f7368e2d4645cfe98783d8cb') in 0.015032 seconds
  Import took 0.055279 seconds .

========================================================================
Received Import Request.
  Time since last request: 36.991757 seconds.
  path: Assets/Scripts/GuidedBullet.cs
  artifactKey: Guid(2443a7b684f85ed49bd40a7ae4207308) Importer(815301076,1909f56bfc062723c751e8b465ee728b)
Start importing Assets/Scripts/GuidedBullet.cs using Guid(2443a7b684f85ed49bd40a7ae4207308) Importer(815301076,1909f56bfc062723c751e8b465ee728b)  -> (artifact id: 'e8bd45df5fd648449b182b8e1d9515d6') in 0.005060 seconds
  Import took 0.009449 seconds .

========================================================================
Received Prepare
Registering precompiled user dll's ...
Registered in 0.003066 seconds.
Begin MonoManager ReloadAssembly
Native extension for WindowsStandalone target not found
Refreshing native plugins compatible for Editor in 0.48 ms, found 3 plugins.
Preloading 0 native plugins for Editor in 0.00 ms.
Mono: successfully reloaded assembly
- Completed reload, in  1.238 seconds
Platform modules already initialized, skipping
Refreshing native plugins compatible for Editor in 0.51 ms, found 3 plugins.
Preloading 0 native plugins for Editor in 0.00 ms.
Unloading 2108 Unused Serialized files (Serialized files now loaded: 0)
System memory in use before: 101.3 MB.
System memory in use after: 101.4 MB.

Unloading 20 unused Assets to reduce memory usage. Loaded Objects now: 2764.
Total: 3.216300 ms (FindLiveObjects: 0.234400 ms CreateObjectMapping: 0.098500 ms MarkObjects: 2.769200 ms  DeleteObjects: 0.113000 ms)

========================================================================
Received Import Request.
  Time since last request: 30.015462 seconds.
  path: Assets/Prefabs/GuidedBullet.prefab
  artifactKey: Guid(48a4fe95bfe6a4948ba2da6c3b5076f8) Importer(815301076,1909f56bfc062723c751e8b465ee728b)
Start importing Assets/Prefabs/GuidedBullet.prefab using Guid(48a4fe95bfe6a4948ba2da6c3b5076f8) Importer(815301076,1909f56bfc062723c751e8b465ee728b)  -> (artifact id: '3cf6593263ab351570ddb00149616040') in 0.060281 seconds
  Import took 0.064336 seconds .

========================================================================
Received Import Request.
  Time since last request: 4.101807 seconds.
  path: Assets/Prefabs/Bullet.prefab
  artifactKey: Guid(e6f1140f6a536634ca69045fa32d8e26) Importer(815301076,1909f56bfc062723c751e8b465ee728b)
Start importing Assets/Prefabs/Bullet.prefab using Guid(e6f1140f6a536634ca69045fa32d8e26) Importer(815301076,1909f56bfc062723c751e8b465ee728b)  -> (artifact id: '7b5d9b3d812845ce31bc3eac4ce9bf2f') in 0.058031 seconds
  Import took 0.066380 seconds .

========================================================================
Received Prepare
Registering precompiled user dll's ...
Registered in 0.003620 seconds.
Begin MonoManager ReloadAssembly
Native extension for WindowsStandalone target not found
Refreshing native plugins compatible for Editor in 0.57 ms, found 3 plugins.
Preloading 0 native plugins for Editor in 0.00 ms.
Mono: successfully reloaded assembly
- Completed reload, in  1.202 seconds
Platform modules already initialized, skipping
Refreshing native plugins compatible for Editor in 0.65 ms, found 3 plugins.
Preloading 0 native plugins for Editor in 0.00 ms.
Unloading 2108 Unused Serialized files (Serialized files now loaded: 0)
System memory in use before: 101.3 MB.
System memory in use after: 101.4 MB.

Unloading 20 unused Assets to reduce memory usage. Loaded Objects now: 2769.
Total: 2.691900 ms (FindLiveObjects: 0.233000 ms CreateObjectMapping: 0.103400 ms MarkObjects: 2.197100 ms  DeleteObjects: 0.156600 ms)

========================================================================
Received Import Request.
  Time since last request: 81.889638 seconds.
  path: Assets/Prefabs/Bullet.prefab
  artifactKey: Guid(e6f1140f6a536634ca69045fa32d8e26) Importer(815301076,1909f56bfc062723c751e8b465ee728b)
Start importing Assets/Prefabs/Bullet.prefab using Guid(e6f1140f6a536634ca69045fa32d8e26) Importer(815301076,1909f56bfc062723c751e8b465ee728b)  -> (artifact id: '489213674c835ff59046ae7cae84be3a') in 0.060236 seconds
  Import took 0.064673 seconds .

========================================================================
Received Prepare
Registering precompiled user dll's ...
Registered in 0.010778 seconds.
Begin MonoManager ReloadAssembly
Native extension for WindowsStandalone target not found
Refreshing native plugins compatible for Editor in 0.48 ms, found 3 plugins.
Preloading 0 native plugins for Editor in 0.00 ms.
Mono: successfully reloaded assembly
- Completed reload, in  1.327 seconds
Platform modules already initialized, skipping
Refreshing native plugins compatible for Editor in 0.52 ms, found 3 plugins.
Preloading 0 native plugins for Editor in 0.00 ms.
Unloading 2108 Unused Serialized files (Serialized files now loaded: 0)
System memory in use before: 101.3 MB.
System memory in use after: 101.4 MB.

Unloading 20 unused Assets to reduce memory usage. Loaded Objects now: 2774.
Total: 2.435500 ms (FindLiveObjects: 0.235500 ms CreateObjectMapping: 0.101800 ms MarkObjects: 1.991500 ms  DeleteObjects: 0.105500 ms)

========================================================================
Received Import Request.
  Time since last request: 105.962382 seconds.
  path: Assets/Prefabs/GuidedBullet.prefab
  artifactKey: Guid(48a4fe95bfe6a4948ba2da6c3b5076f8) Importer(815301076,1909f56bfc062723c751e8b465ee728b)
Start importing Assets/Prefabs/GuidedBullet.prefab using Guid(48a4fe95bfe6a4948ba2da6c3b5076f8) Importer(815301076,1909f56bfc062723c751e8b465ee728b)  -> (artifact id: '225a23fb9570e0848de929d866f07460') in 0.051979 seconds
  Import took 0.055532 seconds .

========================================================================
Received Import Request.
  Time since last request: 0.000161 seconds.
  path: Assets/Scripts/GuidedBullet.cs
  artifactKey: Guid(2443a7b684f85ed49bd40a7ae4207308) Importer(815301076,1909f56bfc062723c751e8b465ee728b)
Start importing Assets/Scripts/GuidedBullet.cs using Guid(2443a7b684f85ed49bd40a7ae4207308) Importer(815301076,1909f56bfc062723c751e8b465ee728b)  -> (artifact id: '57ad81ae96efca2315cc0a2711358eb7') in 0.002287 seconds
  Import took 0.006815 seconds .

========================================================================
Received Prepare
Registering precompiled user dll's ...
Registered in 0.003044 seconds.
Begin MonoManager ReloadAssembly
Native extension for WindowsStandalone target not found
Refreshing native plugins compatible for Editor in 0.52 ms, found 3 plugins.
Preloading 0 native plugins for Editor in 0.00 ms.
Mono: successfully reloaded assembly
- Completed reload, in  1.185 seconds
Platform modules already initialized, skipping
Refreshing native plugins compatible for Editor in 0.50 ms, found 3 plugins.
Preloading 0 native plugins for Editor in 0.00 ms.
Unloading 2108 Unused Serialized files (Serialized files now loaded: 0)
System memory in use before: 101.3 MB.
System memory in use after: 101.4 MB.

Unloading 20 unused Assets to reduce memory usage. Loaded Objects now: 2779.
Total: 2.355200 ms (FindLiveObjects: 0.275300 ms CreateObjectMapping: 0.110500 ms MarkObjects: 1.872000 ms  DeleteObjects: 0.096200 ms)

========================================================================
Received Prepare
Registering precompiled user dll's ...
Registered in 0.006797 seconds.
Begin MonoManager ReloadAssembly
Native extension for WindowsStandalone target not found
Refreshing native plugins compatible for Editor in 0.53 ms, found 3 plugins.
Preloading 0 native plugins for Editor in 0.00 ms.
Mono: successfully reloaded assembly
- Completed reload, in  1.251 seconds
Platform modules already initialized, skipping
Refreshing native plugins compatible for Editor in 0.50 ms, found 3 plugins.
Preloading 0 native plugins for Editor in 0.00 ms.
Unloading 2108 Unused Serialized files (Serialized files now loaded: 0)
System memory in use before: 101.3 MB.
System memory in use after: 101.4 MB.

Unloading 20 unused Assets to reduce memory usage. Loaded Objects now: 2783.
Total: 2.511500 ms (FindLiveObjects: 0.234000 ms CreateObjectMapping: 0.096300 ms MarkObjects: 1.946300 ms  DeleteObjects: 0.233400 ms)

========================================================================
Received Prepare
Registering precompiled user dll's ...
Registered in 0.006374 seconds.
Begin MonoManager ReloadAssembly
Native extension for WindowsStandalone target not found
Refreshing native plugins compatible for Editor in 0.47 ms, found 3 plugins.
Preloading 0 native plugins for Editor in 0.00 ms.
Mono: successfully reloaded assembly
- Completed reload, in  1.141 seconds
Platform modules already initialized, skipping
Refreshing native plugins compatible for Editor in 0.48 ms, found 3 plugins.
Preloading 0 native plugins for Editor in 0.00 ms.
Unloading 2108 Unused Serialized files (Serialized files now loaded: 0)
System memory in use before: 101.3 MB.
System memory in use after: 101.5 MB.

Unloading 20 unused Assets to reduce memory usage. Loaded Objects now: 2787.
Total: 2.517800 ms (FindLiveObjects: 0.253100 ms CreateObjectMapping: 0.096300 ms MarkObjects: 2.059400 ms  DeleteObjects: 0.107600 ms)

========================================================================
Received Prepare
Registering precompiled user dll's ...
Registered in 0.003267 seconds.
Begin MonoManager ReloadAssembly
Native extension for WindowsStandalone target not found
Refreshing native plugins compatible for Editor in 0.63 ms, found 3 plugins.
Preloading 0 native plugins for Editor in 0.00 ms.
Mono: successfully reloaded assembly
- Completed reload, in  1.315 seconds
Platform modules already initialized, skipping
Refreshing native plugins compatible for Editor in 0.48 ms, found 3 plugins.
Preloading 0 native plugins for Editor in 0.00 ms.
Unloading 2108 Unused Serialized files (Serialized files now loaded: 0)
System memory in use before: 101.3 MB.
System memory in use after: 101.5 MB.

Unloading 20 unused Assets to reduce memory usage. Loaded Objects now: 2791.
Total: 2.593500 ms (FindLiveObjects: 0.245300 ms CreateObjectMapping: 0.098600 ms MarkObjects: 2.142600 ms  DeleteObjects: 0.105500 ms)

========================================================================
Received Import Request.
  Time since last request: 424.738068 seconds.
  path: Assets/Prefabs/Meow-Knight_Idle_0.prefab
  artifactKey: Guid(ebb777a7ad6b38f4a8afc6fea37f4896) Importer(815301076,1909f56bfc062723c751e8b465ee728b)
Start importing Assets/Prefabs/Meow-Knight_Idle_0.prefab using Guid(ebb777a7ad6b38f4a8afc6fea37f4896) Importer(815301076,1909f56bfc062723c751e8b465ee728b)  -> (artifact id: 'e67f3b5c3eff04aff0619f245abc86e5') in 0.095084 seconds
  Import took 0.100425 seconds .

========================================================================
Received Prepare
Registering precompiled user dll's ...
Registered in 0.003254 seconds.
Begin MonoManager ReloadAssembly
Native extension for WindowsStandalone target not found
Refreshing native plugins compatible for Editor in 0.47 ms, found 3 plugins.
Preloading 0 native plugins for Editor in 0.00 ms.
Mono: successfully reloaded assembly
- Completed reload, in  1.191 seconds
Platform modules already initialized, skipping
Refreshing native plugins compatible for Editor in 0.52 ms, found 3 plugins.
Preloading 0 native plugins for Editor in 0.00 ms.
Unloading 2108 Unused Serialized files (Serialized files now loaded: 0)
System memory in use before: 101.4 MB.
System memory in use after: 101.5 MB.

Unloading 20 unused Assets to reduce memory usage. Loaded Objects now: 2796.
Total: 2.890300 ms (FindLiveObjects: 0.233600 ms CreateObjectMapping: 0.089800 ms MarkObjects: 2.419900 ms  DeleteObjects: 0.145600 ms)

========================================================================
Received Import Request.
  Time since last request: 269.843364 seconds.
  path: Assets/Prefabs/GuidedBullet.prefab
  artifactKey: Guid(48a4fe95bfe6a4948ba2da6c3b5076f8) Importer(815301076,1909f56bfc062723c751e8b465ee728b)
Start importing Assets/Prefabs/GuidedBullet.prefab using Guid(48a4fe95bfe6a4948ba2da6c3b5076f8) Importer(815301076,1909f56bfc062723c751e8b465ee728b)  -> (artifact id: '8c161dfe67b563e2d540a2a58185b498') in 0.084172 seconds
  Import took 0.090571 seconds .

========================================================================
Received Prepare
Registering precompiled user dll's ...
Registered in 0.003446 seconds.
Begin MonoManager ReloadAssembly
Native extension for WindowsStandalone target not found
Refreshing native plugins compatible for Editor in 0.50 ms, found 3 plugins.
Preloading 0 native plugins for Editor in 0.00 ms.
Mono: successfully reloaded assembly
- Completed reload, in  1.215 seconds
Platform modules already initialized, skipping
Refreshing native plugins compatible for Editor in 0.85 ms, found 3 plugins.
Preloading 0 native plugins for Editor in 0.00 ms.
Unloading 2108 Unused Serialized files (Serialized files now loaded: 0)
System memory in use before: 101.4 MB.
System memory in use after: 101.5 MB.

Unloading 20 unused Assets to reduce memory usage. Loaded Objects now: 2801.
Total: 4.848600 ms (FindLiveObjects: 1.480000 ms CreateObjectMapping: 0.289300 ms MarkObjects: 2.974600 ms  DeleteObjects: 0.103000 ms)

========================================================================
Received Import Request.
  Time since last request: 354.973317 seconds.
  path: Assets/Prefabs/GuidedBullet.prefab
  artifactKey: Guid(48a4fe95bfe6a4948ba2da6c3b5076f8) Importer(815301076,1909f56bfc062723c751e8b465ee728b)
Start importing Assets/Prefabs/GuidedBullet.prefab using Guid(48a4fe95bfe6a4948ba2da6c3b5076f8) Importer(815301076,1909f56bfc062723c751e8b465ee728b)  -> (artifact id: '00742b56ab7c8ee0030c4cb357109922') in 0.066720 seconds
  Import took 0.072819 seconds .

========================================================================
Received Import Request.
  Time since last request: 8.333509 seconds.
  path: Assets/Prefabs/GuidedBullet.prefab
  artifactKey: Guid(48a4fe95bfe6a4948ba2da6c3b5076f8) Importer(815301076,1909f56bfc062723c751e8b465ee728b)
Start importing Assets/Prefabs/GuidedBullet.prefab using Guid(48a4fe95bfe6a4948ba2da6c3b5076f8) Importer(815301076,1909f56bfc062723c751e8b465ee728b)  -> (artifact id: 'ef1bd3807c3b9688e5e7ab7496039b11') in 0.024829 seconds
  Import took 0.082142 seconds .

========================================================================
Received Import Request.
  Time since last request: 16.201207 seconds.
  path: Assets/Prefabs/GuidedBullet.prefab
  artifactKey: Guid(48a4fe95bfe6a4948ba2da6c3b5076f8) Importer(815301076,1909f56bfc062723c751e8b465ee728b)
Start importing Assets/Prefabs/GuidedBullet.prefab using Guid(48a4fe95bfe6a4948ba2da6c3b5076f8) Importer(815301076,1909f56bfc062723c751e8b465ee728b)  -> (artifact id: '75003ad276650c9d3bcc091d39f7c724') in 0.009697 seconds
  Import took 0.039760 seconds .

========================================================================
Received Import Request.
  Time since last request: 5.415987 seconds.
  path: Assets/Prefabs/GuidedBullet.prefab
  artifactKey: Guid(48a4fe95bfe6a4948ba2da6c3b5076f8) Importer(815301076,1909f56bfc062723c751e8b465ee728b)
Start importing Assets/Prefabs/GuidedBullet.prefab using Guid(48a4fe95bfe6a4948ba2da6c3b5076f8) Importer(815301076,1909f56bfc062723c751e8b465ee728b)  -> (artifact id: '9d3e2aa2ce27dddb445284a12d2e5e92') in 0.032787 seconds
  Import took 0.084404 seconds .

========================================================================
Received Prepare
Registering precompiled user dll's ...
Registered in 0.009927 seconds.
Begin MonoManager ReloadAssembly
Native extension for WindowsStandalone target not found
Refreshing native plugins compatible for Editor in 0.48 ms, found 3 plugins.
Preloading 0 native plugins for Editor in 0.00 ms.
Mono: successfully reloaded assembly
- Completed reload, in  1.130 seconds
Platform modules already initialized, skipping
Refreshing native plugins compatible for Editor in 0.56 ms, found 3 plugins.
Preloading 0 native plugins for Editor in 0.00 ms.
Unloading 2108 Unused Serialized files (Serialized files now loaded: 0)
System memory in use before: 101.4 MB.
System memory in use after: 101.5 MB.

Unloading 20 unused Assets to reduce memory usage. Loaded Objects now: 2806.
Total: 2.954800 ms (FindLiveObjects: 0.242700 ms CreateObjectMapping: 0.098100 ms MarkObjects: 2.500900 ms  DeleteObjects: 0.111400 ms)

========================================================================
Received Prepare
Registering precompiled user dll's ...
Registered in 0.004478 seconds.
Begin MonoManager ReloadAssembly
Native extension for WindowsStandalone target not found
Refreshing native plugins compatible for Editor in 0.53 ms, found 3 plugins.
Preloading 0 native plugins for Editor in 0.00 ms.
Mono: successfully reloaded assembly
- Completed reload, in  1.188 seconds
Platform modules already initialized, skipping
Refreshing native plugins compatible for Editor in 0.47 ms, found 3 plugins.
Preloading 0 native plugins for Editor in 0.00 ms.
Unloading 2108 Unused Serialized files (Serialized files now loaded: 0)
System memory in use before: 101.4 MB.
System memory in use after: 101.5 MB.

Unloading 20 unused Assets to reduce memory usage. Loaded Objects now: 2810.
Total: 2.288300 ms (FindLiveObjects: 0.229300 ms CreateObjectMapping: 0.088600 ms MarkObjects: 1.873200 ms  DeleteObjects: 0.096200 ms)

========================================================================
Received Import Request.
  Time since last request: 58.813488 seconds.
  path: Assets/Prefabs/Bullet.prefab
  artifactKey: Guid(e6f1140f6a536634ca69045fa32d8e26) Importer(815301076,1909f56bfc062723c751e8b465ee728b)
Start importing Assets/Prefabs/Bullet.prefab using Guid(e6f1140f6a536634ca69045fa32d8e26) Importer(815301076,1909f56bfc062723c751e8b465ee728b)  -> (artifact id: '3e4f6e4b071df217a07354e3a382bfd1') in 0.053765 seconds
  Import took 0.058978 seconds .

========================================================================
Received Import Request.
  Time since last request: 1.349725 seconds.
  path: Assets/Prefabs/Bullet.prefab
  artifactKey: Guid(e6f1140f6a536634ca69045fa32d8e26) Importer(815301076,1909f56bfc062723c751e8b465ee728b)
Start importing Assets/Prefabs/Bullet.prefab using Guid(e6f1140f6a536634ca69045fa32d8e26) Importer(815301076,1909f56bfc062723c751e8b465ee728b)  -> (artifact id: '5b5232ac20364309a65e7fcd667a6152') in 0.014710 seconds
  Import took 0.021311 seconds .

========================================================================
Received Import Request.
  Time since last request: 4.883714 seconds.
  path: Assets/Prefabs/Bullet.prefab
  artifactKey: Guid(e6f1140f6a536634ca69045fa32d8e26) Importer(815301076,1909f56bfc062723c751e8b465ee728b)
Start importing Assets/Prefabs/Bullet.prefab using Guid(e6f1140f6a536634ca69045fa32d8e26) Importer(815301076,1909f56bfc062723c751e8b465ee728b)  -> (artifact id: '80424734ab98167e2fd4cb7e53ce18a5') in 0.020761 seconds
  Import took 0.074045 seconds .

========================================================================
Received Import Request.
  Time since last request: 1.837143 seconds.
  path: Assets/Prefabs/Bullet.prefab
  artifactKey: Guid(e6f1140f6a536634ca69045fa32d8e26) Importer(815301076,1909f56bfc062723c751e8b465ee728b)
Start importing Assets/Prefabs/Bullet.prefab using Guid(e6f1140f6a536634ca69045fa32d8e26) Importer(815301076,1909f56bfc062723c751e8b465ee728b)  -> (artifact id: '262bec98cf480aed97235fbea443b789') in 0.020438 seconds
  Import took 0.027136 seconds .

========================================================================
Received Import Request.
  Time since last request: 0.000586 seconds.
  path: Assets/Prefabs/Bullet.prefab
  artifactKey: Guid(e6f1140f6a536634ca69045fa32d8e26) Importer(815301076,1909f56bfc062723c751e8b465ee728b)
Start importing Assets/Prefabs/Bullet.prefab using Guid(e6f1140f6a536634ca69045fa32d8e26) Importer(815301076,1909f56bfc062723c751e8b465ee728b)  -> (artifact id: '262bec98cf480aed97235fbea443b789') in 0.016573 seconds
  Import took 0.023990 seconds .

========================================================================
Received Import Request.
  Time since last request: 1.591567 seconds.
  path: Assets/Prefabs/Bullet.prefab
  artifactKey: Guid(e6f1140f6a536634ca69045fa32d8e26) Importer(815301076,1909f56bfc062723c751e8b465ee728b)
Start importing Assets/Prefabs/Bullet.prefab using Guid(e6f1140f6a536634ca69045fa32d8e26) Importer(815301076,1909f56bfc062723c751e8b465ee728b)  -> (artifact id: '2e1b4ea065312ea4d9592fb6ac38b00e') in 0.017011 seconds
  Import took 0.022096 seconds .

========================================================================
Received Import Request.
  Time since last request: 11.762154 seconds.
  path: ProjectSettings/TagManager.asset
  artifactKey: Guid(00000000000000003000000000000000) Importer(815301076,1909f56bfc062723c751e8b465ee728b)
Start importing ProjectSettings/TagManager.asset using Guid(00000000000000003000000000000000) Importer(815301076,1909f56bfc062723c751e8b465ee728b)  -> (artifact id: '24700c4855a0b1ec1d3712233c56eae1') in 0.093200 seconds
  Import took 0.101255 seconds .

========================================================================
Received Import Request.
  Time since last request: 10.133205 seconds.
  path: Assets/Prefabs/Bullet.prefab
  artifactKey: Guid(e6f1140f6a536634ca69045fa32d8e26) Importer(815301076,1909f56bfc062723c751e8b465ee728b)
Start importing Assets/Prefabs/Bullet.prefab using Guid(e6f1140f6a536634ca69045fa32d8e26) Importer(815301076,1909f56bfc062723c751e8b465ee728b)  -> (artifact id: '27dc43c9d98e0780948b611532961a95') in 0.088798 seconds
  Import took 0.101146 seconds .

========================================================================
Received Import Request.
  Time since last request: 1.875874 seconds.
  path: Assets/Prefabs/GuidedBullet.prefab
  artifactKey: Guid(48a4fe95bfe6a4948ba2da6c3b5076f8) Importer(815301076,1909f56bfc062723c751e8b465ee728b)
Start importing Assets/Prefabs/GuidedBullet.prefab using Guid(48a4fe95bfe6a4948ba2da6c3b5076f8) Importer(815301076,1909f56bfc062723c751e8b465ee728b)  -> (artifact id: '773840b2eef7cc76d6da302af33795c2') in 0.020709 seconds
  Import took 0.026852 seconds .

========================================================================
Received Prepare
Registering precompiled user dll's ...
Registered in 0.004527 seconds.
Begin MonoManager ReloadAssembly
Native extension for WindowsStandalone target not found
Refreshing native plugins compatible for Editor in 0.55 ms, found 3 plugins.
Preloading 0 native plugins for Editor in 0.00 ms.
Mono: successfully reloaded assembly
- Completed reload, in  1.384 seconds
Platform modules already initialized, skipping
Refreshing native plugins compatible for Editor in 0.48 ms, found 3 plugins.
Preloading 0 native plugins for Editor in 0.00 ms.
Unloading 2108 Unused Serialized files (Serialized files now loaded: 0)
System memory in use before: 101.5 MB.
System memory in use after: 101.6 MB.

Unloading 21 unused Assets to reduce memory usage. Loaded Objects now: 2815.
Total: 2.440600 ms (FindLiveObjects: 0.234900 ms CreateObjectMapping: 0.096800 ms MarkObjects: 1.991100 ms  DeleteObjects: 0.116700 ms)

========================================================================
Received Prepare
Registering precompiled user dll's ...
Registered in 0.003480 seconds.
Begin MonoManager ReloadAssembly
Native extension for WindowsStandalone target not found
Refreshing native plugins compatible for Editor in 0.58 ms, found 3 plugins.
Preloading 0 native plugins for Editor in 0.00 ms.
Mono: successfully reloaded assembly
- Completed reload, in  1.183 seconds
Platform modules already initialized, skipping
Refreshing native plugins compatible for Editor in 0.87 ms, found 3 plugins.
Preloading 0 native plugins for Editor in 0.00 ms.
Unloading 2108 Unused Serialized files (Serialized files now loaded: 0)
System memory in use before: 101.5 MB.
System memory in use after: 101.6 MB.

Unloading 20 unused Assets to reduce memory usage. Loaded Objects now: 2819.
Total: 3.506200 ms (FindLiveObjects: 0.324200 ms CreateObjectMapping: 0.102800 ms MarkObjects: 2.924900 ms  DeleteObjects: 0.153000 ms)

========================================================================
Received Prepare
Registering precompiled user dll's ...
Registered in 0.336184 seconds.
Begin MonoManager ReloadAssembly
Native extension for WindowsStandalone target not found
Refreshing native plugins compatible for Editor in 0.58 ms, found 3 plugins.
Preloading 0 native plugins for Editor in 0.00 ms.
Mono: successfully reloaded assembly
- Completed reload, in  1.338 seconds
Platform modules already initialized, skipping
Refreshing native plugins compatible for Editor in 0.52 ms, found 3 plugins.
Preloading 0 native plugins for Editor in 0.00 ms.
Unloading 2108 Unused Serialized files (Serialized files now loaded: 0)
System memory in use before: 101.5 MB.
System memory in use after: 101.6 MB.

Unloading 20 unused Assets to reduce memory usage. Loaded Objects now: 2823.
Total: 2.777900 ms (FindLiveObjects: 0.260100 ms CreateObjectMapping: 0.112100 ms MarkObjects: 2.254200 ms  DeleteObjects: 0.150500 ms)

========================================================================
Received Prepare
Registering precompiled user dll's ...
Registered in 0.003490 seconds.
Begin MonoManager ReloadAssembly
Native extension for WindowsStandalone target not found
Refreshing native plugins compatible for Editor in 0.54 ms, found 3 plugins.
Preloading 0 native plugins for Editor in 0.00 ms.
Mono: successfully reloaded assembly
- Completed reload, in  1.157 seconds
Platform modules already initialized, skipping
Refreshing native plugins compatible for Editor in 0.47 ms, found 3 plugins.
Preloading 0 native plugins for Editor in 0.00 ms.
Unloading 2108 Unused Serialized files (Serialized files now loaded: 0)
System memory in use before: 101.5 MB.
System memory in use after: 101.6 MB.

Unloading 20 unused Assets to reduce memory usage. Loaded Objects now: 2827.
Total: 3.025600 ms (FindLiveObjects: 0.348600 ms CreateObjectMapping: 0.307900 ms MarkObjects: 2.170800 ms  DeleteObjects: 0.196200 ms)

========================================================================
Received Prepare
Registering precompiled user dll's ...
Registered in 0.003231 seconds.
Begin MonoManager ReloadAssembly
Native extension for WindowsStandalone target not found
Refreshing native plugins compatible for Editor in 0.66 ms, found 3 plugins.
Preloading 0 native plugins for Editor in 0.00 ms.
Mono: successfully reloaded assembly
- Completed reload, in  1.190 seconds
Platform modules already initialized, skipping
Refreshing native plugins compatible for Editor in 0.47 ms, found 3 plugins.
Preloading 0 native plugins for Editor in 0.00 ms.
Unloading 2108 Unused Serialized files (Serialized files now loaded: 0)
System memory in use before: 101.5 MB.
System memory in use after: 101.6 MB.

Unloading 20 unused Assets to reduce memory usage. Loaded Objects now: 2831.
Total: 3.043500 ms (FindLiveObjects: 0.390200 ms CreateObjectMapping: 0.170600 ms MarkObjects: 2.361200 ms  DeleteObjects: 0.120300 ms)

========================================================================
Received Prepare
Registering precompiled user dll's ...
Registered in 0.004855 seconds.
Begin MonoManager ReloadAssembly
Native extension for WindowsStandalone target not found
Refreshing native plugins compatible for Editor in 0.66 ms, found 3 plugins.
Preloading 0 native plugins for Editor in 0.00 ms.
Mono: successfully reloaded assembly
- Completed reload, in  1.182 seconds
Platform modules already initialized, skipping
Refreshing native plugins compatible for Editor in 0.50 ms, found 3 plugins.
Preloading 0 native plugins for Editor in 0.00 ms.
Unloading 2108 Unused Serialized files (Serialized files now loaded: 0)
System memory in use before: 101.5 MB.
System memory in use after: 101.6 MB.

Unloading 20 unused Assets to reduce memory usage. Loaded Objects now: 2835.
Total: 2.295900 ms (FindLiveObjects: 0.239000 ms CreateObjectMapping: 0.096700 ms MarkObjects: 1.826500 ms  DeleteObjects: 0.132700 ms)

========================================================================
Received Prepare
Registering precompiled user dll's ...
Registered in 0.004360 seconds.
Begin MonoManager ReloadAssembly
Native extension for WindowsStandalone target not found
Refreshing native plugins compatible for Editor in 0.49 ms, found 3 plugins.
Preloading 0 native plugins for Editor in 0.00 ms.
Mono: successfully reloaded assembly
- Completed reload, in  1.398 seconds
Platform modules already initialized, skipping
Refreshing native plugins compatible for Editor in 0.52 ms, found 3 plugins.
Preloading 0 native plugins for Editor in 0.00 ms.
Unloading 2108 Unused Serialized files (Serialized files now loaded: 0)
System memory in use before: 101.5 MB.
System memory in use after: 101.6 MB.

Unloading 20 unused Assets to reduce memory usage. Loaded Objects now: 2839.
Total: 3.384600 ms (FindLiveObjects: 0.639900 ms CreateObjectMapping: 0.195900 ms MarkObjects: 2.314300 ms  DeleteObjects: 0.210300 ms)

========================================================================
Received Import Request.
  Time since last request: 2185.033254 seconds.
  path: Assets/Scripts/PlayerManager.cs
  artifactKey: Guid(07d33d5ddce2b584d8ec36c8ff65d71d) Importer(815301076,1909f56bfc062723c751e8b465ee728b)
Start importing Assets/Scripts/PlayerManager.cs using Guid(07d33d5ddce2b584d8ec36c8ff65d71d) Importer(815301076,1909f56bfc062723c751e8b465ee728b)  -> (artifact id: 'b76bb318ceff6223379cdea2cb2833fc') in 0.018031 seconds
  Import took 0.021627 seconds .

========================================================================
Received Import Request.
  Time since last request: 0.306658 seconds.
  path: Assets/Scripts/UiManager.cs
  artifactKey: Guid(9e88c54bc5ce3bc42af3a8f01177059c) Importer(815301076,1909f56bfc062723c751e8b465ee728b)
Start importing Assets/Scripts/UiManager.cs using Guid(9e88c54bc5ce3bc42af3a8f01177059c) Importer(815301076,1909f56bfc062723c751e8b465ee728b)  -> (artifact id: '3a98c59bc1f1797c4aca56a8afffe20b') in 0.011011 seconds
  Import took 0.015520 seconds .

========================================================================
Received Import Request.
  Time since last request: 0.713565 seconds.
  path: Assets/Scripts/NavigationUi.cs
  artifactKey: Guid(bd55458140be7984c8e1738180bd075a) Importer(815301076,1909f56bfc062723c751e8b465ee728b)
Start importing Assets/Scripts/NavigationUi.cs using Guid(bd55458140be7984c8e1738180bd075a) Importer(815301076,1909f56bfc062723c751e8b465ee728b)  -> (artifact id: 'ef0ba49e1dd6ddd89f7d988e23aed5b2') in 0.010456 seconds
  Import took 0.014374 seconds .

========================================================================
Received Import Request.
  Time since last request: 0.336257 seconds.
  path: Assets/Scripts/GuidedBullet.cs
  artifactKey: Guid(2443a7b684f85ed49bd40a7ae4207308) Importer(815301076,1909f56bfc062723c751e8b465ee728b)
Start importing Assets/Scripts/GuidedBullet.cs using Guid(2443a7b684f85ed49bd40a7ae4207308) Importer(815301076,1909f56bfc062723c751e8b465ee728b)  -> (artifact id: 'c2f30d5e32d09eb5891ad7edd94d02f0') in 0.003921 seconds
  Import took 0.009860 seconds .

========================================================================
Received Import Request.
  Time since last request: 0.000771 seconds.
  path: Assets/Scripts/GuidedBullet.cs
  artifactKey: Guid(2443a7b684f85ed49bd40a7ae4207308) Importer(815301076,1909f56bfc062723c751e8b465ee728b)
Start importing Assets/Scripts/GuidedBullet.cs using Guid(2443a7b684f85ed49bd40a7ae4207308) Importer(815301076,1909f56bfc062723c751e8b465ee728b)  -> (artifact id: 'c2f30d5e32d09eb5891ad7edd94d02f0') in 0.002565 seconds
  Import took 0.007598 seconds .

========================================================================
Received Import Request.
  Time since last request: 0.479529 seconds.
  path: Assets/Scripts/Bullet.cs
  artifactKey: Guid(c3172ad8d8c63dd4785b9637c58b9960) Importer(815301076,1909f56bfc062723c751e8b465ee728b)
Start importing Assets/Scripts/Bullet.cs using Guid(c3172ad8d8c63dd4785b9637c58b9960) Importer(815301076,1909f56bfc062723c751e8b465ee728b)  -> (artifact id: '2426fa51b33ec1649d439181f08b6000') in 0.008117 seconds
  Import took 0.012505 seconds .

========================================================================
Received Import Request.
  Time since last request: 0.468897 seconds.
  path: Assets/Scripts/FakeBall.cs
  artifactKey: Guid(397977fbecf5ded44a04178e017f7c4e) Importer(815301076,1909f56bfc062723c751e8b465ee728b)
Start importing Assets/Scripts/FakeBall.cs using Guid(397977fbecf5ded44a04178e017f7c4e) Importer(815301076,1909f56bfc062723c751e8b465ee728b)  -> (artifact id: 'ca1faaa19343ab6ba48d89751510804e') in 0.008095 seconds
  Import took 0.013259 seconds .

========================================================================
Received Prepare
Registering precompiled user dll's ...
Registered in 0.004056 seconds.
Begin MonoManager ReloadAssembly
Native extension for WindowsStandalone target not found
Refreshing native plugins compatible for Editor in 0.54 ms, found 3 plugins.
Preloading 0 native plugins for Editor in 0.00 ms.
Mono: successfully reloaded assembly
- Completed reload, in  1.465 seconds
Platform modules already initialized, skipping
Refreshing native plugins compatible for Editor in 0.47 ms, found 3 plugins.
Preloading 0 native plugins for Editor in 0.00 ms.
Unloading 2108 Unused Serialized files (Serialized files now loaded: 0)
System memory in use before: 101.5 MB.
System memory in use after: 101.6 MB.

Unloading 20 unused Assets to reduce memory usage. Loaded Objects now: 2843.
Total: 2.553000 ms (FindLiveObjects: 0.237900 ms CreateObjectMapping: 0.094100 ms MarkObjects: 2.092100 ms  DeleteObjects: 0.127900 ms)

========================================================================
Received Import Request.
  Time since last request: 34.872244 seconds.
  path: Assets/Scripts/StageManager.cs
  artifactKey: Guid(928f289be00455e4c88318d8a9e53681) Importer(815301076,1909f56bfc062723c751e8b465ee728b)
Start importing Assets/Scripts/StageManager.cs using Guid(928f289be00455e4c88318d8a9e53681) Importer(815301076,1909f56bfc062723c751e8b465ee728b)  -> (artifact id: 'bcf4e853be0d73186dfa19e4018b8a43') in 0.008649 seconds
  Import took 0.012733 seconds .

========================================================================
Received Prepare
Registering precompiled user dll's ...
Registered in 0.003252 seconds.
Begin MonoManager ReloadAssembly
Native extension for WindowsStandalone target not found
Refreshing native plugins compatible for Editor in 0.50 ms, found 3 plugins.
Preloading 0 native plugins for Editor in 0.00 ms.
Mono: successfully reloaded assembly
- Completed reload, in  1.171 seconds
Platform modules already initialized, skipping
Refreshing native plugins compatible for Editor in 0.47 ms, found 3 plugins.
Preloading 0 native plugins for Editor in 0.00 ms.
Unloading 2108 Unused Serialized files (Serialized files now loaded: 0)
System memory in use before: 101.6 MB.
System memory in use after: 101.7 MB.

Unloading 20 unused Assets to reduce memory usage. Loaded Objects now: 2847.
Total: 2.332200 ms (FindLiveObjects: 0.235100 ms CreateObjectMapping: 0.095800 ms MarkObjects: 1.863700 ms  DeleteObjects: 0.136700 ms)

AssetImportWorkerClient::OnTransportError - code=2 error=End of file
